<?xml version="1.0" encoding="UTF-8"?>
<testng-results ignored="0" total="1" passed="1" failed="0" skipped="0">
  <reporter-output>
  </reporter-output>
  <suite started-at="2020-08-21T11:30:47Z" name="Regression" finished-at="2020-08-21T11:31:06Z" duration-ms="19243">
    <groups>
    </groups>
    <test started-at="2020-08-21T11:30:47Z" name="Exercises" finished-at="2020-08-21T11:31:06Z" duration-ms="19243">
      <class name="com.valtech.TestCases.Exercises">
        <test-method is-config="true" signature="initiate()[pri:0, instance:com.valtech.TestCases.Exercises@5246a3b3]" started-at="2020-08-21T11:30:47Z" name="initiate" finished-at="2020-08-21T11:30:50Z" duration-ms="3298" status="PASS">
          <reporter-output>
          </reporter-output>
        </test-method> <!-- initiate -->
        <test-method signature="exercise3()[pri:0, instance:com.valtech.TestCases.Exercises@5246a3b3]" started-at="2020-08-21T11:30:50Z" name="exercise3" description="Exercise 3" finished-at="2020-08-21T11:31:06Z" duration-ms="15167" status="PASS">
          <reporter-output>
          </reporter-output>
        </test-method> <!-- exercise3 -->
        <test-method is-config="true" signature="afterMethod()[pri:0, instance:com.valtech.TestCases.Exercises@5246a3b3]" started-at="2020-08-21T11:31:06Z" name="afterMethod" finished-at="2020-08-21T11:31:06Z" duration-ms="0" status="PASS">
          <reporter-output>
          </reporter-output>
        </test-method> <!-- afterMethod -->
      </class> <!-- com.valtech.TestCases.Exercises -->
    </test> <!-- Exercises -->
  </suite> <!-- Regression -->
</testng-results>
